<?xml version="1.0" encoding="UTF-8"?>
<!-- Generated by org.testng.reporters.JUnitXMLReporter -->
<testsuite hostname="MSI" ignored="0" name="Default test" tests="4" failures="0" timestamp="2020-12-07T21:16:25 CST" time="43.305" errors="0">
  <testcase name="login" time="2.587" classname="com.testcases.LoginPageTests"/>
  <testcase name="negativeLogin" time="2.281" classname="com.testcases.LoginPageTests"/>
  <testcase name="negativeLogin" time="2.114" classname="com.testcases.LoginPageTests"/>
  <testcase name="titleValidation" time="0.018" classname="com.testcases.LoginPageTests"/>
</testsuite> <!-- Default test -->
