<?xml version="1.0" encoding="UTF-8"?>
<!-- Generated by org.testng.reporters.JUnitXMLReporter -->
<testsuite hostname="MSI" ignored="0" name="Test" tests="4" failures="0" timestamp="2020-12-07T21:17:27 CST" time="50.105" errors="0">
  <testcase name="login" time="2.664" classname="com.testcases.LoginPageTests"/>
  <testcase name="negativeLogin" time="1.955" classname="com.testcases.LoginPageTests"/>
  <testcase name="negativeLogin" time="1.982" classname="com.testcases.LoginPageTests"/>
  <testcase name="titleValidation" time="0.022" classname="com.testcases.LoginPageTests"/>
</testsuite> <!-- Test -->
